
*** Running vivado
    with args -log DP_TB.vds -m64 -mode batch -messageDb vivado.pb -notrace -source DP_TB.tcl


****** Vivado v2016.2 (64-bit)
  **** SW Build 1577090 on Thu Jun  2 16:32:40 MDT 2016
  **** IP Build 1577682 on Fri Jun  3 12:00:54 MDT 2016
    ** Copyright 1986-2016 Xilinx, Inc. All Rights Reserved.

source DP_TB.tcl -notrace
Command: synth_design -top DP_TB -part xc7a100tcsg324-1
Starting synth_design
Attempting to get a license for feature 'Synthesis' and/or device 'xc7a100t'
INFO: [Common 17-349] Got license for feature 'Synthesis' and/or device 'xc7a100t'
INFO: Launching helper process for spawning children vivado processes
INFO: Helper process launched with PID 7604 
CRITICAL WARNING: [Synth 8-2490] overwriting previous definition of module BUF [F:/School/CMPE140/CMPE140 Lab 1/BUF.V:6]
---------------------------------------------------------------------------------
Starting Synthesize : Time (s): cpu = 00:00:04 ; elapsed = 00:00:04 . Memory (MB): peak = 284.055 ; gain = 77.688
---------------------------------------------------------------------------------
INFO: [Synth 8-638] synthesizing module 'DP_TB' [F:/School/CMPE140/CMPE140 Lab 1/CMPE140 Lab 1/CMPE140 Lab 1.srcs/sources_1/new/DP_TB.v:1]
ERROR: [Synth 8-3380] loop condition does not converge after 2000 iterations [F:/School/CMPE140/CMPE140 Lab 1/CMPE140 Lab 1/CMPE140 Lab 1.srcs/sources_1/new/DP_TB.v:25]
ERROR: [Synth 8-285] failed synthesizing module 'DP_TB' [F:/School/CMPE140/CMPE140 Lab 1/CMPE140 Lab 1/CMPE140 Lab 1.srcs/sources_1/new/DP_TB.v:1]
---------------------------------------------------------------------------------
Finished Synthesize : Time (s): cpu = 00:00:19 ; elapsed = 00:00:20 . Memory (MB): peak = 2218.758 ; gain = 2012.391
---------------------------------------------------------------------------------
synthesize failed
INFO: [Common 17-83] Releasing license: Synthesis
3 Infos, 0 Warnings, 1 Critical Warnings and 3 Errors encountered.
synth_design failed
ERROR: [Common 17-69] Command failed: Vivado Synthesis failed
INFO: [Common 17-206] Exiting Vivado at Wed Sep 14 01:01:01 2016...
